# JRE version: OpenJDK Runtime Environment (21.0.6) (build 21.0.6+-13368085-b895.109)
# Java VM: OpenJDK 64-Bit Server VM (21.0.6+-13368085-b895.109, mixed mode, tiered, compressed oops, compressed class ptrs, g1 gc, windows-amd64)
GC Precious Log:
 CardTable entry size: 512
 Card Set container configuration: InlinePtr #cards 4 size 8 Array Of Cards #cards 16 size 48 Howl #buckets 8 coarsen threshold 3686 Howl Bitmap #cards 512 size 80 coarsen threshold 460 Card regions per heap region 1 cards per card region 4096
 CPUs: 12 total, 12 available
 Memory: 15693M
 Large Page Support: Disabled
 NUMA Support: Disabled
 Compressed Oops: Enabled (Zero based)
 Heap Region Size: 2M
 Heap Min Capacity: 8M
 Heap Initial Capacity: 246M
 Heap Max Capacity: 3924M
 Pre-touch: Disabled
 Parallel Workers: 10
 Concurrent Workers: 3
 Concurrent Refinement Workers: 10
 Periodic GC: Disabled
Heap:
 garbage-first heap   total 225280K, used 107221K [0x000000070ac00000, 0x0000000800000000)
  region size 2048K, 3 young (6144K), 3 survivors (6144K)
 Metaspace       used 60513K, committed 60864K, reserved 1114112K
  class space    used 6670K, committed 6848K, reserved 1048576K
GC Heap History (20 events):
Event: 2.298 GC heap after
{Heap after GC invocations=6 (full 0):
 garbage-first heap   total 49152K, used 24341K [0x000000070ac00000, 0x0000000800000000)
  region size 2048K, 2 young (4096K), 2 survivors (4096K)
 Metaspace       used 26256K, committed 26560K, reserved 1114112K
  class space    used 2672K, committed 2816K, reserved 1048576K
}
Event: 2.591 GC heap before
{Heap before GC invocations=6 (full 0):
 garbage-first heap   total 49152K, used 34581K [0x000000070ac00000, 0x0000000800000000)
  region size 2048K, 8 young (16384K), 2 survivors (4096K)
 Metaspace       used 30326K, committed 30528K, reserved 1114112K
  class space    used 3620K, committed 3712K, reserved 1048576K
}
Event: 2.597 GC heap after
{Heap after GC invocations=7 (full 0):
 garbage-first heap   total 49152K, used 25489K [0x000000070ac00000, 0x0000000800000000)
  region size 2048K, 1 young (2048K), 1 survivors (2048K)
 Metaspace       used 30326K, committed 30528K, reserved 1114112K
  class space    used 3620K, committed 3712K, reserved 1048576K
}
Event: 2.878 GC heap before
{Heap before GC invocations=8 (full 0):
 garbage-first heap   total 49152K, used 37777K [0x000000070ac00000, 0x0000000800000000)
  region size 2048K, 7 young (14336K), 1 survivors (2048K)
 Metaspace       used 32400K, committed 32640K, reserved 1114112K
  class space    used 3869K, committed 3968K, reserved 1048576K
}
Event: 2.886 GC heap after
{Heap after GC invocations=9 (full 0):
 garbage-first heap   total 151552K, used 27468K [0x000000070ac00000, 0x0000000800000000)
  region size 2048K, 1 young (2048K), 1 survivors (2048K)
 Metaspace       used 32400K, committed 32640K, reserved 1114112K
  class space    used 3869K, committed 3968K, reserved 1048576K
}
Event: 5.182 GC heap before
{Heap before GC invocations=9 (full 0):
 garbage-first heap   total 151552K, used 113484K [0x000000070ac00000, 0x0000000800000000)
  region size 2048K, 44 young (90112K), 1 survivors (2048K)
 Metaspace       used 47095K, committed 47424K, reserved 1114112K
  class space    used 5262K, committed 5440K, reserved 1048576K
}
Event: 5.204 GC heap after
{Heap after GC invocations=10 (full 0):
 garbage-first heap   total 151552K, used 40190K [0x000000070ac00000, 0x0000000800000000)
  region size 2048K, 6 young (12288K), 6 survivors (12288K)
 Metaspace       used 47095K, committed 47424K, reserved 1114112K
  class space    used 5262K, committed 5440K, reserved 1048576K
}
Event: 6.226 GC heap before
{Heap before GC invocations=10 (full 0):
 garbage-first heap   total 151552K, used 109822K [0x000000070ac00000, 0x0000000800000000)
  region size 2048K, 40 young (81920K), 6 survivors (12288K)
 Metaspace       used 49995K, committed 50304K, reserved 1114112K
  class space    used 5542K, committed 5696K, reserved 1048576K
}
Event: 6.261 GC heap after
{Heap after GC invocations=11 (full 0):
 garbage-first heap   total 151552K, used 59392K [0x000000070ac00000, 0x0000000800000000)
  region size 2048K, 5 young (10240K), 5 survivors (10240K)
 Metaspace       used 49995K, committed 50304K, reserved 1114112K
  class space    used 5542K, committed 5696K, reserved 1048576K
}
Event: 6.395 GC heap before
{Heap before GC invocations=11 (full 0):
 garbage-first heap   total 151552K, used 63488K [0x000000070ac00000, 0x0000000800000000)
  region size 2048K, 8 young (16384K), 5 survivors (10240K)
 Metaspace       used 51175K, committed 51456K, reserved 1114112K
  class space    used 5647K, committed 5824K, reserved 1048576K
}
Event: 6.410 GC heap after
{Heap after GC invocations=12 (full 0):
 garbage-first heap   total 151552K, used 62389K [0x000000070ac00000, 0x0000000800000000)
  region size 2048K, 1 young (2048K), 1 survivors (2048K)
 Metaspace       used 51175K, committed 51456K, reserved 1114112K
  class space    used 5647K, committed 5824K, reserved 1048576K
}
Event: 8.585 GC heap before
{Heap before GC invocations=13 (full 0):
 garbage-first heap   total 151552K, used 117685K [0x000000070ac00000, 0x0000000800000000)
  region size 2048K, 28 young (57344K), 1 survivors (2048K)
 Metaspace       used 58594K, committed 58880K, reserved 1114112K
  class space    used 6537K, committed 6656K, reserved 1048576K
}
Event: 8.602 GC heap after
{Heap after GC invocations=14 (full 0):
 garbage-first heap   total 151552K, used 70392K [0x000000070ac00000, 0x0000000800000000)
  region size 2048K, 4 young (8192K), 4 survivors (8192K)
 Metaspace       used 58594K, committed 58880K, reserved 1114112K
  class space    used 6537K, committed 6656K, reserved 1048576K
}
Event: 10.084 GC heap before
{Heap before GC invocations=14 (full 0):
 garbage-first heap   total 151552K, used 121592K [0x000000070ac00000, 0x0000000800000000)
  region size 2048K, 30 young (61440K), 4 survivors (8192K)
 Metaspace       used 60177K, committed 60480K, reserved 1114112K
  class space    used 6650K, committed 6784K, reserved 1048576K
}
Event: 10.122 GC heap after
{Heap after GC invocations=15 (full 0):
 garbage-first heap   total 151552K, used 78691K [0x000000070ac00000, 0x0000000800000000)
  region size 2048K, 4 young (8192K), 4 survivors (8192K)
 Metaspace       used 60177K, committed 60480K, reserved 1114112K
  class space    used 6650K, committed 6784K, reserved 1048576K
}
Event: 10.722 GC heap before
{Heap before GC invocations=15 (full 0):
 garbage-first heap   total 151552K, used 125795K [0x000000070ac00000, 0x0000000800000000)
  region size 2048K, 27 young (55296K), 4 survivors (8192K)
 Metaspace       used 60512K, committed 60864K, reserved 1114112K
  class space    used 6670K, committed 6848K, reserved 1048576K
}
Event: 10.744 GC heap after
{Heap after GC invocations=16 (full 0):
 garbage-first heap   total 151552K, used 90112K [0x000000070ac00000, 0x0000000800000000)
  region size 2048K, 4 young (8192K), 4 survivors (8192K)
 Metaspace       used 60512K, committed 60864K, reserved 1114112K
  class space    used 6670K, committed 6848K, reserved 1048576K
}
Event: 10.899 GC heap before
{Heap before GC invocations=17 (full 0):
 garbage-first heap   total 151552K, used 129024K [0x000000070ac00000, 0x0000000800000000)
  region size 2048K, 23 young (47104K), 4 survivors (8192K)
 Metaspace       used 60513K, committed 60864K, reserved 1114112K
  class space    used 6670K, committed 6848K, reserved 1048576K
}
Event: 10.914 GC heap after
{Heap after GC invocations=18 (full 0):
 garbage-first heap   total 151552K, used 100352K [0x000000070ac00000, 0x0000000800000000)
  region size 2048K, 3 young (6144K), 3 survivors (6144K)
 Metaspace       used 60513K, committed 60864K, reserved 1114112K
  class space    used 6670K, committed 6848K, reserved 1048576K
}
Event: 11.013 GC heap before
{Heap before GC invocations=18 (full 0):
 garbage-first heap   total 151552K, used 133120K [0x000000070ac00000, 0x0000000800000000)
  region size 2048K, 19 young (38912K), 3 survivors (6144K)
 Metaspace       used 60513K, committed 60864K, reserved 1114112K
  class space    used 6670K, committed 6848K, reserved 1048576K
}

