# JRE version: OpenJDK Runtime Environment (21.0.6) (build 21.0.6+-13368085-b895.109)
# Java VM: OpenJDK 64-Bit Server VM (21.0.6+-13368085-b895.109, mixed mode, tiered, compressed oops, compressed class ptrs, g1 gc, windows-amd64)
GC Precious Log:
 CardTable entry size: 512
 Card Set container configuration: InlinePtr #cards 4 size 8 Array Of Cards #cards 16 size 48 Howl #buckets 8 coarsen threshold 3686 Howl Bitmap #cards 512 size 80 coarsen threshold 460 Card regions per heap region 1 cards per card region 4096
 CPUs: 12 total, 12 available
 Memory: 15693M
 Large Page Support: Disabled
 NUMA Support: Disabled
 Compressed Oops: Enabled (Zero based)
 Heap Region Size: 2M
 Heap Min Capacity: 8M
 Heap Initial Capacity: 246M
 Heap Max Capacity: 3924M
 Pre-touch: Disabled
 Parallel Workers: 10
 Concurrent Workers: 3
 Concurrent Refinement Workers: 10
 Periodic GC: Disabled
Heap:
 garbage-first heap   total 266240K, used 126624K [0x000000070ac00000, 0x0000000800000000)
  region size 2048K, 3 young (6144K), 3 survivors (6144K)
 Metaspace       used 60487K, committed 60864K, reserved 1114112K
  class space    used 6669K, committed 6848K, reserved 1048576K
GC Heap History (20 events):
Event: 2.658 GC heap after
{Heap after GC invocations=9 (full 0):
 garbage-first heap   total 147456K, used 25225K [0x000000070ac00000, 0x0000000800000000)
  region size 2048K, 1 young (2048K), 1 survivors (2048K)
 Metaspace       used 29620K, committed 29888K, reserved 1114112K
  class space    used 3548K, committed 3648K, reserved 1048576K
}
Event: 4.439 GC heap before
{Heap before GC invocations=9 (full 0):
 garbage-first heap   total 147456K, used 94857K [0x000000070ac00000, 0x0000000800000000)
  region size 2048K, 36 young (73728K), 1 survivors (2048K)
 Metaspace       used 43713K, committed 43968K, reserved 1114112K
  class space    used 4958K, committed 5056K, reserved 1048576K
}
Event: 4.455 GC heap after
{Heap after GC invocations=10 (full 0):
 garbage-first heap   total 147456K, used 33374K [0x000000070ac00000, 0x0000000800000000)
  region size 2048K, 5 young (10240K), 5 survivors (10240K)
 Metaspace       used 43713K, committed 43968K, reserved 1114112K
  class space    used 4958K, committed 5056K, reserved 1048576K
}
Event: 4.538 GC heap before
{Heap before GC invocations=10 (full 0):
 garbage-first heap   total 147456K, used 35422K [0x000000070ac00000, 0x0000000800000000)
  region size 2048K, 7 young (14336K), 5 survivors (10240K)
 Metaspace       used 44628K, committed 44800K, reserved 1114112K
  class space    used 5044K, committed 5120K, reserved 1048576K
}
Event: 4.551 GC heap after
{Heap after GC invocations=11 (full 0):
 garbage-first heap   total 147456K, used 34485K [0x000000070ac00000, 0x0000000800000000)
  region size 2048K, 1 young (2048K), 1 survivors (2048K)
 Metaspace       used 44628K, committed 44800K, reserved 1114112K
  class space    used 5044K, committed 5120K, reserved 1048576K
}
Event: 5.816 GC heap before
{Heap before GC invocations=12 (full 0):
 garbage-first heap   total 122880K, used 114357K [0x000000070ac00000, 0x0000000800000000)
  region size 2048K, 40 young (81920K), 1 survivors (2048K)
 Metaspace       used 48546K, committed 48832K, reserved 1114112K
  class space    used 5402K, committed 5568K, reserved 1048576K
}
Event: 5.853 GC heap after
{Heap after GC invocations=13 (full 0):
 garbage-first heap   total 139264K, used 55701K [0x000000070ac00000, 0x0000000800000000)
  region size 2048K, 5 young (10240K), 5 survivors (10240K)
 Metaspace       used 48546K, committed 48832K, reserved 1114112K
  class space    used 5402K, committed 5568K, reserved 1048576K
}
Event: 7.136 GC heap before
{Heap before GC invocations=13 (full 0):
 garbage-first heap   total 139264K, used 108949K [0x000000070ac00000, 0x0000000800000000)
  region size 2048K, 31 young (63488K), 5 survivors (10240K)
 Metaspace       used 56386K, committed 56704K, reserved 1114112K
  class space    used 6345K, committed 6464K, reserved 1048576K
}
Event: 7.161 GC heap after
{Heap after GC invocations=14 (full 0):
 garbage-first heap   total 139264K, used 65342K [0x000000070ac00000, 0x0000000800000000)
  region size 2048K, 4 young (8192K), 4 survivors (8192K)
 Metaspace       used 56386K, committed 56704K, reserved 1114112K
  class space    used 6345K, committed 6464K, reserved 1048576K
}
Event: 9.273 GC heap before
{Heap before GC invocations=14 (full 0):
 garbage-first heap   total 139264K, used 114494K [0x000000070ac00000, 0x0000000800000000)
  region size 2048K, 28 young (57344K), 4 survivors (8192K)
 Metaspace       used 59554K, committed 59904K, reserved 1114112K
  class space    used 6609K, committed 6784K, reserved 1048576K
}
Event: 9.295 GC heap after
{Heap after GC invocations=15 (full 0):
 garbage-first heap   total 167936K, used 74027K [0x000000070ac00000, 0x0000000800000000)
  region size 2048K, 4 young (8192K), 4 survivors (8192K)
 Metaspace       used 59554K, committed 59904K, reserved 1114112K
  class space    used 6609K, committed 6784K, reserved 1048576K
}
Event: 10.440 GC heap before
{Heap before GC invocations=15 (full 0):
 garbage-first heap   total 167936K, used 135467K [0x000000070ac00000, 0x0000000800000000)
  region size 2048K, 34 young (69632K), 4 survivors (8192K)
 Metaspace       used 60485K, committed 60864K, reserved 1114112K
  class space    used 6668K, committed 6848K, reserved 1048576K
}
Event: 10.468 GC heap after
{Heap after GC invocations=16 (full 0):
 garbage-first heap   total 167936K, used 85730K [0x000000070ac00000, 0x0000000800000000)
  region size 2048K, 5 young (10240K), 5 survivors (10240K)
 Metaspace       used 60485K, committed 60864K, reserved 1114112K
  class space    used 6668K, committed 6848K, reserved 1048576K
}
Event: 10.626 GC heap before
{Heap before GC invocations=16 (full 0):
 garbage-first heap   total 167936K, used 138978K [0x000000070ac00000, 0x0000000800000000)
  region size 2048K, 31 young (63488K), 5 survivors (10240K)
 Metaspace       used 60487K, committed 60864K, reserved 1114112K
  class space    used 6669K, committed 6848K, reserved 1048576K
}
Event: 10.647 GC heap after
{Heap after GC invocations=17 (full 0):
 garbage-first heap   total 167936K, used 99884K [0x000000070ac00000, 0x0000000800000000)
  region size 2048K, 4 young (8192K), 4 survivors (8192K)
 Metaspace       used 60487K, committed 60864K, reserved 1114112K
  class space    used 6669K, committed 6848K, reserved 1048576K
}
Event: 10.813 GC heap before
{Heap before GC invocations=18 (full 0):
 garbage-first heap   total 167936K, used 142892K [0x000000070ac00000, 0x0000000800000000)
  region size 2048K, 25 young (51200K), 4 survivors (8192K)
 Metaspace       used 60487K, committed 60864K, reserved 1114112K
  class space    used 6669K, committed 6848K, reserved 1048576K
}
Event: 10.824 GC heap after
{Heap after GC invocations=19 (full 0):
 garbage-first heap   total 167936K, used 110592K [0x000000070ac00000, 0x0000000800000000)
  region size 2048K, 4 young (8192K), 4 survivors (8192K)
 Metaspace       used 60487K, committed 60864K, reserved 1114112K
  class space    used 6669K, committed 6848K, reserved 1048576K
}
Event: 10.944 GC heap before
{Heap before GC invocations=19 (full 0):
 garbage-first heap   total 167936K, used 145408K [0x000000070ac00000, 0x0000000800000000)
  region size 2048K, 21 young (43008K), 4 survivors (8192K)
 Metaspace       used 60487K, committed 60864K, reserved 1114112K
  class space    used 6669K, committed 6848K, reserved 1048576K
}
Event: 10.959 GC heap after
{Heap after GC invocations=20 (full 0):
 garbage-first heap   total 167936K, used 118197K [0x000000070ac00000, 0x0000000800000000)
  region size 2048K, 3 young (6144K), 3 survivors (6144K)
 Metaspace       used 60487K, committed 60864K, reserved 1114112K
  class space    used 6669K, committed 6848K, reserved 1048576K
}
Event: 11.039 GC heap before
{Heap before GC invocations=20 (full 0):
 garbage-first heap   total 167936K, used 146869K [0x000000070ac00000, 0x0000000800000000)
  region size 2048K, 17 young (34816K), 3 survivors (6144K)
 Metaspace       used 60487K, committed 60864K, reserved 1114112K
  class space    used 6669K, committed 6848K, reserved 1048576K
}

