# JRE version: OpenJDK Runtime Environment (21.0.6) (build 21.0.6+-13368085-b895.109)
# Java VM: OpenJDK 64-Bit Server VM (21.0.6+-13368085-b895.109, mixed mode, tiered, compressed oops, compressed class ptrs, g1 gc, windows-amd64)
GC Precious Log:
 CardTable entry size: 512
 Card Set container configuration: InlinePtr #cards 4 size 8 Array Of Cards #cards 16 size 48 Howl #buckets 8 coarsen threshold 3686 Howl Bitmap #cards 512 size 80 coarsen threshold 460 Card regions per heap region 1 cards per card region 4096
 CPUs: 12 total, 12 available
 Memory: 15693M
 Large Page Support: Disabled
 NUMA Support: Disabled
 Compressed Oops: Enabled (Zero based)
 Heap Region Size: 2M
 Heap Min Capacity: 8M
 Heap Initial Capacity: 246M
 Heap Max Capacity: 3924M
 Pre-touch: Disabled
 Parallel Workers: 10
 Concurrent Workers: 3
 Concurrent Refinement Workers: 10
 Periodic GC: Disabled
Heap:
 garbage-first heap   total 182272K, used 150916K [0x000000070ac00000, 0x0000000800000000)
  region size 2048K, 14 young (28672K), 3 survivors (6144K)
 Metaspace       used 60468K, committed 60864K, reserved 1114112K
  class space    used 6669K, committed 6848K, reserved 1048576K
GC Heap History (20 events):
Event: 3.073 GC heap before
{Heap before GC invocations=8 (full 0):
 garbage-first heap   total 49152K, used 36430K [0x000000070ac00000, 0x0000000800000000)
  region size 2048K, 7 young (14336K), 1 survivors (2048K)
 Metaspace       used 32344K, committed 32640K, reserved 1114112K
  class space    used 3860K, committed 3968K, reserved 1048576K
}
Event: 3.080 GC heap after
{Heap after GC invocations=9 (full 0):
 garbage-first heap   total 151552K, used 28241K [0x000000070ac00000, 0x0000000800000000)
  region size 2048K, 1 young (2048K), 1 survivors (2048K)
 Metaspace       used 32344K, committed 32640K, reserved 1114112K
  class space    used 3860K, committed 3968K, reserved 1048576K
}
Event: 5.356 GC heap before
{Heap before GC invocations=9 (full 0):
 garbage-first heap   total 151552K, used 114257K [0x000000070ac00000, 0x0000000800000000)
  region size 2048K, 44 young (90112K), 1 survivors (2048K)
 Metaspace       used 47043K, committed 47360K, reserved 1114112K
  class space    used 5262K, committed 5440K, reserved 1048576K
}
Event: 5.395 GC heap after
{Heap after GC invocations=10 (full 0):
 garbage-first heap   total 151552K, used 40063K [0x000000070ac00000, 0x0000000800000000)
  region size 2048K, 6 young (12288K), 6 survivors (12288K)
 Metaspace       used 47043K, committed 47360K, reserved 1114112K
  class space    used 5262K, committed 5440K, reserved 1048576K
}
Event: 6.508 GC heap before
{Heap before GC invocations=10 (full 0):
 garbage-first heap   total 151552K, used 111743K [0x000000070ac00000, 0x0000000800000000)
  region size 2048K, 41 young (83968K), 6 survivors (12288K)
 Metaspace       used 50419K, committed 50752K, reserved 1114112K
  class space    used 5587K, committed 5760K, reserved 1048576K
}
Event: 6.544 GC heap after
{Heap after GC invocations=11 (full 0):
 garbage-first heap   total 151552K, used 60137K [0x000000070ac00000, 0x0000000800000000)
  region size 2048K, 6 young (12288K), 6 survivors (12288K)
 Metaspace       used 50419K, committed 50752K, reserved 1114112K
  class space    used 5587K, committed 5760K, reserved 1048576K
}
Event: 6.600 GC heap before
{Heap before GC invocations=11 (full 0):
 garbage-first heap   total 151552K, used 62185K [0x000000070ac00000, 0x0000000800000000)
  region size 2048K, 8 young (16384K), 6 survivors (12288K)
 Metaspace       used 51162K, committed 51456K, reserved 1114112K
  class space    used 5647K, committed 5824K, reserved 1048576K
}
Event: 6.614 GC heap after
{Heap after GC invocations=12 (full 0):
 garbage-first heap   total 151552K, used 63488K [0x000000070ac00000, 0x0000000800000000)
  region size 2048K, 1 young (2048K), 1 survivors (2048K)
 Metaspace       used 51162K, committed 51456K, reserved 1114112K
  class space    used 5647K, committed 5824K, reserved 1048576K
}
Event: 8.880 GC heap before
{Heap before GC invocations=13 (full 0):
 garbage-first heap   total 151552K, used 122880K [0x000000070ac00000, 0x0000000800000000)
  region size 2048K, 30 young (61440K), 1 survivors (2048K)
 Metaspace       used 58763K, committed 59136K, reserved 1114112K
  class space    used 6548K, committed 6720K, reserved 1048576K
}
Event: 8.896 GC heap after
{Heap after GC invocations=14 (full 0):
 garbage-first heap   total 151552K, used 71680K [0x000000070ac00000, 0x0000000800000000)
  region size 2048K, 4 young (8192K), 4 survivors (8192K)
 Metaspace       used 58763K, committed 59136K, reserved 1114112K
  class space    used 6548K, committed 6720K, reserved 1048576K
}
Event: 10.426 GC heap before
{Heap before GC invocations=14 (full 0):
 garbage-first heap   total 151552K, used 124928K [0x000000070ac00000, 0x0000000800000000)
  region size 2048K, 30 young (61440K), 4 survivors (8192K)
 Metaspace       used 60205K, committed 60544K, reserved 1114112K
  class space    used 6650K, committed 6784K, reserved 1048576K
}
Event: 10.458 GC heap after
{Heap after GC invocations=15 (full 0):
 garbage-first heap   total 151552K, used 79867K [0x000000070ac00000, 0x0000000800000000)
  region size 2048K, 4 young (8192K), 4 survivors (8192K)
 Metaspace       used 60205K, committed 60544K, reserved 1114112K
  class space    used 6650K, committed 6784K, reserved 1048576K
}
Event: 10.927 GC heap before
{Heap before GC invocations=15 (full 0):
 garbage-first heap   total 151552K, used 129019K [0x000000070ac00000, 0x0000000800000000)
  region size 2048K, 28 young (57344K), 4 survivors (8192K)
 Metaspace       used 60468K, committed 60864K, reserved 1114112K
  class space    used 6669K, committed 6848K, reserved 1048576K
}
Event: 10.951 GC heap after
{Heap after GC invocations=16 (full 0):
 garbage-first heap   total 182272K, used 92160K [0x000000070ac00000, 0x0000000800000000)
  region size 2048K, 4 young (8192K), 4 survivors (8192K)
 Metaspace       used 60468K, committed 60864K, reserved 1114112K
  class space    used 6669K, committed 6848K, reserved 1048576K
}
Event: 11.194 GC heap before
{Heap before GC invocations=17 (full 0):
 garbage-first heap   total 182272K, used 151552K [0x000000070ac00000, 0x0000000800000000)
  region size 2048K, 33 young (67584K), 4 survivors (8192K)
 Metaspace       used 60468K, committed 60864K, reserved 1114112K
  class space    used 6669K, committed 6848K, reserved 1048576K
}
Event: 11.208 GC heap after
{Heap after GC invocations=18 (full 0):
 garbage-first heap   total 182272K, used 108016K [0x000000070ac00000, 0x0000000800000000)
  region size 2048K, 5 young (10240K), 5 survivors (10240K)
 Metaspace       used 60468K, committed 60864K, reserved 1114112K
  class space    used 6669K, committed 6848K, reserved 1048576K
}
Event: 11.340 GC heap before
{Heap before GC invocations=18 (full 0):
 garbage-first heap   total 182272K, used 155120K [0x000000070ac00000, 0x0000000800000000)
  region size 2048K, 28 young (57344K), 5 survivors (10240K)
 Metaspace       used 60468K, committed 60864K, reserved 1114112K
  class space    used 6669K, committed 6848K, reserved 1048576K
}
Event: 11.353 GC heap after
{Heap after GC invocations=19 (full 0):
 garbage-first heap   total 182272K, used 120534K [0x000000070ac00000, 0x0000000800000000)
  region size 2048K, 4 young (8192K), 4 survivors (8192K)
 Metaspace       used 60468K, committed 60864K, reserved 1114112K
  class space    used 6669K, committed 6848K, reserved 1048576K
}
Event: 11.449 GC heap before
{Heap before GC invocations=19 (full 0):
 garbage-first heap   total 182272K, used 157398K [0x000000070ac00000, 0x0000000800000000)
  region size 2048K, 22 young (45056K), 4 survivors (8192K)
 Metaspace       used 60468K, committed 60864K, reserved 1114112K
  class space    used 6669K, committed 6848K, reserved 1048576K
}
Event: 11.459 GC heap after
{Heap after GC invocations=20 (full 0):
 garbage-first heap   total 182272K, used 130436K [0x000000070ac00000, 0x0000000800000000)
  region size 2048K, 3 young (6144K), 3 survivors (6144K)
 Metaspace       used 60468K, committed 60864K, reserved 1114112K
  class space    used 6669K, committed 6848K, reserved 1048576K
}

